PDB data file name: 5fj8.pdb
uncommon residue  DA    1  on chain R [#1] assigned to: a
uncommon residue  DA    2  on chain R [#2] assigned to: a
uncommon residue  DG    3  on chain R [#3] assigned to: g
uncommon residue  DT    4  on chain R [#4] assigned to: u
uncommon residue  DC    5  on chain R [#5] assigned to: c
uncommon residue  DA    6  on chain R [#6] assigned to: a
uncommon residue  DA    7  on chain R [#7] assigned to: a
uncommon residue  DG    8  on chain R [#8] assigned to: g
uncommon residue  DT    9  on chain R [#9] assigned to: u
uncommon residue  DA   10  on chain R [#10] assigned to: a
uncommon residue  DC   11  on chain R [#11] assigned to: c
uncommon residue  DT   12  on chain R [#12] assigned to: u
uncommon residue  DT   13  on chain R [#13] assigned to: u
uncommon residue  DA   14  on chain R [#14] assigned to: a
uncommon residue  DC   15  on chain R [#15] assigned to: c
uncommon residue  DG   16  on chain R [#16] assigned to: g
uncommon residue  DC   17  on chain R [#17] assigned to: c
uncommon residue  DC   18  on chain R [#18] assigned to: c
uncommon residue  DT   19  on chain R [#19] assigned to: u
uncommon residue  DG   20  on chain R [#20] assigned to: g
uncommon residue  DG   21  on chain R [#21] assigned to: g
uncommon residue  DT   22  on chain R [#22] assigned to: u
uncommon residue  DC   23  on chain R [#23] assigned to: c
uncommon residue  DG    4  on chain S [#24] assigned to: g
uncommon residue  DA    5  on chain S [#25] assigned to: a
uncommon residue  DA    6  on chain S [#26] assigned to: a
uncommon residue  DA    7  on chain S [#27] assigned to: a
uncommon residue  DG    8  on chain S [#28] assigned to: g
uncommon residue  DT    9  on chain S [#29] assigned to: u
uncommon residue  DA   10  on chain S [#30] assigned to: a
uncommon residue  DC   11  on chain S [#31] assigned to: c
uncommon residue  DT   12  on chain S [#32] assigned to: u
uncommon residue  DT   13  on chain S [#33] assigned to: u
uncommon residue  DG   14  on chain S [#34] assigned to: g
uncommon residue  DA   15  on chain S [#35] assigned to: a
uncommon residue  DC   16  on chain S [#36] assigned to: c
uncommon residue  DT   17  on chain S [#37] assigned to: u
uncommon residue  DT   18  on chain S [#38] assigned to: u
BEGIN_base-pair
     3_36, R:     3 g-c    16 S: W/W cis    syn    n/a
     4_35, R:     4 u-a    15 S: W/W cis         n/a
     5_34, R:     5 c-g    14 S: +/+ cis         XIX
     6_33, R:     6 a-u    13 S: -/- cis         XX
     7_32, R:     7 a-u    12 S: -/- cis         XX
     8_30, R:     8 g-a    10 S: W/W cis         VIII
     8_31, R:     8 g-c    11 S: W/W cis         n/a
     9_30, R:     9 u-a    10 S: W/W cis         n/a
    10_29, R:    10 a-u     9 S: -/- cis         XX
    11_28, R:    11 c-g     8 S: +/+ cis         XIX
    12_27, R:    12 u-a     7 S: -/- cis         XX
    13_26, R:    13 u-a     6 S: -/- cis         XX
    16_47, R:    16 g-C    15 T: W/W cis         n/a
    17_46, R:    17 c-G    14 T: +/+ cis         XIX
    18_45, R:    18 c-G    13 T: +/+ cis         XIX
    19_44, R:    19 u-A    12 T: -/- cis         XX
    20_43, R:    20 g-C    11 T: +/+ cis         XIX
    21_42, R:    21 g-C    10 T: W/W cis         n/a
    21_43, R:    21 g-C    11 T:      stacked
    22_41, R:    22 u-A     9 T: -/- cis         XX
    22_42, R:    22 u-C    10 T:      stacked
    33_34, S:    13 u-g    14 S:      stacked
     1_37, R:     1 a-u    17 S: W/W cis         !1H(b_b)
    11_27, R:    11 c-a     7 S: W/W cis         !1H(b_b).
    12_26, R:    12 u-a     6 S: W/W cis         !1H(b_b).
     5_35, R:     5 c-a    15 S: S/W cis         !(s_s)
    10_28, R:    10 a-g     8 S: W/W cis         !(s_s)
END_base-pair
  The total base pairs =  19 (from   47 bases)
------------------------------------------------
 Standard  WW--cis  WW-tran  HH--cis  HH-tran  SS--cis  SS-tran
       12        7        0        0        0        0        0
  WH--cis  WH-tran  WS--cis  WS-tran  HS--cis  HS-tran
        0        0        0        0        0        0
------------------------------------------------